[GIN-debug] [WARNING] Running in "debug" mode. Switch to "release" mode in production.
 - using env:	export GIN_MODE=release
 - using code:	gin.SetMode(gin.ReleaseMode)

[GIN-debug] GET    /someDataFromReader       --> main.main.func1 (5 handlers)
[GIN-debug] Loaded HTML Templates (2): 
	- 
	- index.tmpl

[GIN-debug] GET    /html                     --> main.main.func2 (5 handlers)
[GIN-debug] GET    /returnJSON               --> main.main.func3 (5 handlers)
[GIN-debug] GET    /returnJXML               --> main.main.func4 (5 handlers)
[GIN-debug] GET    /returnYAML               --> main.main.func5 (5 handlers)
[GIN-debug] GET    /returnProtoBuf           --> main.main.func6 (5 handlers)
[GIN-debug] POST   /loginJSON                --> main.main.func7 (5 handlers)
[GIN-debug] POST   /loginXML                 --> main.main.func8 (5 handlers)
[GIN-debug] POST   /loginForm                --> main.main.func9 (5 handlers)
[GIN-debug] GET    /bookable                 --> Hello/src/others.GetBookable (5 handlers)
[GIN-debug] Loaded HTML Templates (2): 
	- form.html
	- 

[GIN-debug] GET    /html_checkbox            --> Hello/src/others.IndexHandler (5 handlers)
[GIN-debug] POST   /html_checkbox_post       --> Hello/src/others.FormHandler (5 handlers)
[GIN-debug] GET    /user/:name               --> main.main.Middlethree.func19 (7 handlers)
[GIN-debug] GET    /user/:name/*action       --> main.main.func11 (6 handlers)
[GIN-debug] GET    /user/welcome             --> main.main.func12 (6 handlers)
[GIN-debug] POST   /user/form_post           --> main.main.func13 (6 handlers)
[GIN-debug] POST   /user/post                --> main.main.func14 (6 handlers)
[GIN-debug] POST   /user/upload              --> main.main.func15 (6 handlers)
[GIN-debug] POST   /user/uploadfiles         --> main.main.func16 (6 handlers)
[GIN-debug] [WARNING] You trusted all proxies, this is NOT safe. We recommend you to set a value.
Please check https://pkg.go.dev/github.com/gin-gonic/gin#readme-don-t-trust-all-proxies for details.
[GIN-debug] Listening and serving HTTP on :3001
::1 - [Tue, 09 Jan 2024 19:06:27 CST] "GET /returnJSON HTTP/1.1 200 651.1µs "PostmanRuntime/7.36.0" "
[GIN] 2024/01/09 - 19:06:27 | 200 |     89.3812ms |             ::1 | GET      "/returnJSON"
::1 - [Tue, 09 Jan 2024 19:06:50 CST] "GET /returnXML HTTP/1.1 404 1.0848ms "PostmanRuntime/7.36.0" "
[GIN] 2024/01/09 - 19:06:50 | 404 |      1.5565ms |             ::1 | GET      "/returnXML"
::1 - [Tue, 09 Jan 2024 19:06:52 CST] "GET /returnXML HTTP/1.1 404 374.9µs "PostmanRuntime/7.36.0" "
[GIN] 2024/01/09 - 19:06:52 | 404 |       877.3µs |             ::1 | GET      "/returnXML"
::1 - [Tue, 09 Jan 2024 19:06:59 CST] "GET /returnJXML HTTP/1.1 200 719.8µs "PostmanRuntime/7.36.0" "
[GIN] 2024/01/09 - 19:06:59 | 200 |       923.1µs |             ::1 | GET      "/returnJXML"
::1 - [Tue, 09 Jan 2024 19:07:03 CST] "GET /returnXML HTTP/1.1 404 446.5µs "PostmanRuntime/7.36.0" "
[GIN] 2024/01/09 - 19:07:03 | 404 |       545.3µs |             ::1 | GET      "/returnXML"
::1 - [Tue, 09 Jan 2024 19:07:08 CST] "GET /returnXML HTTP/1.1 404 934.2µs "PostmanRuntime/7.36.0" "
[GIN] 2024/01/09 - 19:07:08 | 404 |       934.2µs |             ::1 | GET      "/returnXML"
::1 - [Tue, 09 Jan 2024 19:07:22 CST] "GET /returnYAML HTTP/1.1 200 854.1µs "PostmanRuntime/7.36.0" "
[GIN] 2024/01/09 - 19:07:22 | 200 |      1.5192ms |             ::1 | GET      "/returnYAML"
::1 - [Tue, 09 Jan 2024 19:07:50 CST] "GET /returnProtoBuf HTTP/1.1 200 303.5µs "PostmanRuntime/7.36.0" "
[GIN] 2024/01/09 - 19:07:50 | 200 |       810.7µs |             ::1 | GET      "/returnProtoBuf"
